<?xml version="1.0" encoding="UTF-8"?><testsuite errors="1" failures="0" name="Automation demo site" skipped="0" tests="1" time="28.54" timestamp="2020-08-05 11:01:47"><testcase name="Web Automation"><error message="Expected condition failed: waiting for By.xpath: /html/body/section/div[1]/div/div[2]/h4[1] to be displayed (tried for 5 second(s) with 100 milliseconds interval)&#10;Build info: version: '3.11.0', revision: 'e59cfb3', time: '2018-03-11T20:26:55.152Z'&#10;System info: host: 'LAPTOP-U0LFOLUR', ip: '192.168.56.1', os.name: 'Windows 10', os.arch: 'amd64', os.version: '10.0', java.version: '1.8.0_251'&#10;Driver info: driver.version: unknown" type="java.lang.AssertionError">Expected condition failed: waiting for By.xpath: /html/body/section/div[1]/div/div[2]/h4[1] to be displayed (tried for 5 second(s) with 100 milliseconds interval)
Build info: version: '3.11.0', revision: 'e59cfb3', time: '2018-03-11T20:26:55.152Z'
System info: host: 'LAPTOP-U0LFOLUR', ip: '192.168.56.1', os.name: 'Windows 10', os.arch: 'amd64', os.version: '10.0', java.version: '1.8.0_251'
Driver info: driver.version: unknown</error><system-err>Expected condition failed: waiting for By.xpath: /html/body/section/div[1]/div/div[2]/h4[1] to be displayed (tried for 5 second(s) with 100 milliseconds interval)
Build info: version: '3.11.0', revision: 'e59cfb3', time: '2018-03-11T20:26:55.152Z'
System info: host: 'LAPTOP-U0LFOLUR', ip: '192.168.56.1', os.name: 'Windows 10', os.arch: 'amd64', os.version: '10.0', java.version: '1.8.0_251'
Driver info: driver.version: unknown&#13;
co.com.choucair.certification.screenplayReto01.stepdefinitions.Reto01Stepdefinition.heVerifyThatThePageLoadedHasTheTextDoubleClickOnEditIconToEDITTheTableRow(Reto01Stepdefinition.java:36)&#13;
✽.he verify that the page loaded has the text - Double Click on Edit Icon to EDIT the Table Row.(src/test/resources/features/reto01.feature:13)&#13;
</system-err></testcase></testsuite>